# JRE version: OpenJDK Runtime Environment (14.0.2+12) (build 14.0.2+12-46)
# Java VM: OpenJDK 64-Bit Server VM (14.0.2+12-46, mixed mode, tiered, compressed oops, g1 gc, windows-amd64)
Heap:
 garbage-first heap   total 131072K, used 5564K [0x0000000081200000, 0x0000000100000000)
  region size 1024K, 2 young (2048K), 2 survivors (2048K)
 Metaspace       used 17809K, capacity 18020K, committed 18176K, reserved 1073152K
  class space    used 1842K, capacity 1943K, committed 2048K, reserved 1048576K
GC Heap History (6 events):
Event: 0.869 GC heap before
{Heap before GC invocations=0 (full 0):
 garbage-first heap   total 131072K, used 12288K [0x0000000081200000, 0x0000000100000000)
  region size 1024K, 13 young (13312K), 0 survivors (0K)
 Metaspace       used 13262K, capacity 13419K, committed 13696K, reserved 1060864K
  class space    used 1300K, capacity 1348K, committed 1408K, reserved 1048576K
}
Event: 0.875 GC heap after
{Heap after GC invocations=1 (full 0):
 garbage-first heap   total 131072K, used 3692K [0x0000000081200000, 0x0000000100000000)
  region size 1024K, 2 young (2048K), 2 survivors (2048K)
 Metaspace       used 13262K, capacity 13419K, committed 13696K, reserved 1060864K
  class space    used 1300K, capacity 1348K, committed 1408K, reserved 1048576K
}
Event: 1.185 GC heap before
{Heap before GC invocations=1 (full 0):
 garbage-first heap   total 131072K, used 15980K [0x0000000081200000, 0x0000000100000000)
  region size 1024K, 14 young (14336K), 2 survivors (2048K)
 Metaspace       used 17659K, capacity 17860K, committed 18048K, reserved 1064960K
  class space    used 1824K, capacity 1911K, committed 1920K, reserved 1048576K
}
Event: 1.190 GC heap after
{Heap after GC invocations=2 (full 0):
 garbage-first heap   total 131072K, used 5525K [0x0000000081200000, 0x0000000100000000)
  region size 1024K, 2 young (2048K), 2 survivors (2048K)
 Metaspace       used 17659K, capacity 17860K, committed 18048K, reserved 1064960K
  class space    used 1824K, capacity 1911K, committed 1920K, reserved 1048576K
}
Event: 1.218 GC heap before
{Heap before GC invocations=2 (full 0):
 garbage-first heap   total 131072K, used 6549K [0x0000000081200000, 0x0000000100000000)
  region size 1024K, 4 young (4096K), 2 survivors (2048K)
 Metaspace       used 17809K, capacity 18020K, committed 18176K, reserved 1071104K
  class space    used 1842K, capacity 1943K, committed 2048K, reserved 1048576K
}
Event: 1.221 GC heap after
{Heap after GC invocations=3 (full 0):
 garbage-first heap   total 131072K, used 5564K [0x0000000081200000, 0x0000000100000000)
  region size 1024K, 2 young (2048K), 2 survivors (2048K)
 Metaspace       used 17809K, capacity 18020K, committed 18176K, reserved 1071104K
  class space    used 1842K, capacity 1943K, committed 2048K, reserved 1048576K
}

