<?xml version="1.0" encoding="UTF-8"?>
<!-- Generated by org.testng.reporters.JUnitXMLReporter -->
<testsuite ignored="2" hostname="DESKTOP-274K24M" failures="1" tests="2" name="ChromeTest" time="7.131" errors="0" timestamp="2021-01-21T11:49:11 TRT">
  <testcase classname="com.automationpractice.demos.WebDriverSwitchDemo" name="switchToAlert" time="7.036"/>
  <testcase classname="com.herokuapp.the_internet.FileUpload" name="fileUpload" time="0.019">
    <failure type="org.openqa.selenium.NoSuchSessionException" message="Session ID is null. Using WebDriver after calling quit()?
Build info: version: &amp;apos;3.141.59&amp;apos;, revision: &amp;apos;e82be7d358&amp;apos;, time: &amp;apos;2018-11-14T08:17:03&amp;apos;
System info: host: &amp;apos;DESKTOP-274K24M&amp;apos;, ip: &amp;apos;172.16.26.49&amp;apos;, os.name: &amp;apos;Windows 10&amp;apos;, os.arch: &amp;apos;amd64&amp;apos;, os.version: &amp;apos;10.0&amp;apos;, java.version: &amp;apos;14.0.2&amp;apos;
Driver info: driver.version: RemoteWebDriver">
      <![CDATA[org.openqa.selenium.NoSuchSessionException: Session ID is null. Using WebDriver after calling quit()?
Build info: version: '3.141.59', revision: 'e82be7d358', time: '2018-11-14T08:17:03'
System info: host: 'DESKTOP-274K24M', ip: '172.16.26.49', os.name: 'Windows 10', os.arch: 'amd64', os.version: '10.0', java.version: '14.0.2'
Driver info: driver.version: RemoteWebDriver
at org.openqa.selenium.remote.HttpCommandExecutor.execute(HttpCommandExecutor.java:125)
at org.openqa.selenium.remote.service.DriverCommandExecutor.execute(DriverCommandExecutor.java:83)
at org.openqa.selenium.remote.RemoteWebDriver.execute(RemoteWebDriver.java:552)
at org.openqa.selenium.remote.RemoteWebDriver.get(RemoteWebDriver.java:277)
at com.herokuapp.the_internet.FileUpload.fileUpload(FileUpload.java:28)
at java.base/java.util.ArrayList.forEach(ArrayList.java:1511)
... Removed 27 stack frames]]>
    </failure>
  </testcase> <!-- fileUpload -->
  <testcase classname="com.automationpractice.demos.WebDriverSwitchDemo" name="switchToWindow" time="0.0">
    <ignored/>
  </testcase> <!-- switchToWindow -->
  <testcase classname="com.automationpractice.demos.WebDriverSwitchDemo" name="switchToIFrame" time="0.0">
    <ignored/>
  </testcase> <!-- switchToIFrame -->
</testsuite> <!-- ChromeTest -->
