<?xml version="1.0" encoding="UTF-8"?>
<!-- Generated by org.testng.reporters.JUnitXMLReporter -->
<testsuite ignored="0" hostname="DESKTOP-274K24M" failures="0" tests="3" name="Default test" time="38.167" errors="0" timestamp="2021-01-11T15:13:45 TRT">
  <testcase classname="com.herokuapp.testleaf.Alert" name="alert2" time="22.814"/>
  <testcase classname="com.herokuapp.testleaf.Alert" name="alert1" time="5.54"/>
  <testcase classname="com.herokuapp.testleaf.Alert" name="alert3" time="9.742"/>
</testsuite> <!-- Default test -->
