<?xml version="1.0" encoding="UTF-8"?>
<testng-results ignored="0" total="3" passed="3" failed="0" skipped="0">
  <reporter-output>
  </reporter-output>
  <suite started-at="2021-01-11T15:13:07 TRT" name="Default suite" finished-at="2021-01-11T15:13:45 TRT" duration-ms="38167">
    <groups>
    </groups>
    <test started-at="2021-01-11T15:13:07 TRT" name="Default test" finished-at="2021-01-11T15:13:45 TRT" duration-ms="38167">
      <class name="com.herokuapp.testleaf.Alert">
        <test-method signature="alert2()[pri:1, instance:com.herokuapp.testleaf.Alert@4a9f80d3]" started-at="2021-01-11T15:13:07 TRT" name="alert2" finished-at="2021-01-11T15:13:30 TRT" duration-ms="22814" status="PASS">
          <reporter-output>
          </reporter-output>
        </test-method> <!-- alert2 -->
        <test-method signature="alert1()[pri:2, instance:com.herokuapp.testleaf.Alert@4a9f80d3]" started-at="2021-01-11T15:13:30 TRT" name="alert1" finished-at="2021-01-11T15:13:35 TRT" duration-ms="5540" status="PASS">
          <reporter-output>
          </reporter-output>
        </test-method> <!-- alert1 -->
        <test-method signature="alert3()[pri:3, instance:com.herokuapp.testleaf.Alert@4a9f80d3]" started-at="2021-01-11T15:13:35 TRT" name="alert3" finished-at="2021-01-11T15:13:45 TRT" duration-ms="9742" status="PASS">
          <reporter-output>
          </reporter-output>
        </test-method> <!-- alert3 -->
      </class> <!-- com.herokuapp.testleaf.Alert -->
    </test> <!-- Default test -->
  </suite> <!-- Default suite -->
</testng-results>
