<?xml version="1.0" encoding="UTF-8"?>
<testng-results ignored="0" total="1" passed="1" failed="0" skipped="0">
  <reporter-output>
  </reporter-output>
  <suite started-at="2021-01-07T09:49:11 TRT" name="Default suite" finished-at="2021-01-07T09:49:11 TRT" duration-ms="73">
    <groups>
    </groups>
    <test started-at="2021-01-07T09:49:11 TRT" name="Default test" finished-at="2021-01-07T09:49:11 TRT" duration-ms="73">
      <class name="com.automationpractice.demos.AssertDemo">
        <test-method signature="test1()[pri:0, instance:com.automationpractice.demos.AssertDemo@4d910fd6]" started-at="2021-01-07T09:49:11 TRT" name="test1" finished-at="2021-01-07T09:49:11 TRT" duration-ms="11" status="PASS">
          <reporter-output>
          </reporter-output>
        </test-method> <!-- test1 -->
      </class> <!-- com.automationpractice.demos.AssertDemo -->
    </test> <!-- Default test -->
  </suite> <!-- Default suite -->
</testng-results>
